# JRE version: Java(TM) SE Runtime Environment (8.0_231-b11) (build 1.8.0_231-b11)
# Java VM: Java HotSpot(TM) 64-Bit Server VM (25.231-b11 mixed mode windows-amd64 compressed oops)
Heap:
 def new generation   total 4992K, used 499K [0x00000000f0000000, 0x00000000f0560000, 0x00000000f5550000)
  eden space 4480K,  11% used [0x00000000f0000000, 0x00000000f007cfc0, 0x00000000f0460000)
  from space 512K,   0% used [0x00000000f0460000, 0x00000000f0460000, 0x00000000f04e0000)
  to   space 512K,   0% used [0x00000000f04e0000, 0x00000000f04e0000, 0x00000000f0560000)
 tenured generation   total 10944K, used 3368K [0x00000000f5550000, 0x00000000f6000000, 0x0000000100000000)
   the space 10944K,  30% used [0x00000000f5550000, 0x00000000f589a200, 0x00000000f589a200, 0x00000000f6000000)
 Metaspace       used 10628K, capacity 10820K, committed 11136K, reserved 1060864K
  class space    used 1267K, capacity 1352K, committed 1408K, reserved 1048576K
GC Heap History (8 events):
Event: 6.095 GC heap before
{Heap before GC invocations=0 (full 0):
 def new generation   total 4928K, used 4416K [0x00000000f0000000, 0x00000000f0550000, 0x00000000f5550000)
  eden space 4416K, 100% used [0x00000000f0000000, 0x00000000f0450000, 0x00000000f0450000)
  from space 512K,   0% used [0x00000000f0450000, 0x00000000f0450000, 0x00000000f04d0000)
  to   space 512K,   0% used [0x00000000f04d0000, 0x00000000f04d0000, 0x00000000f0550000)
 tenured generation   total 10944K, used 0K [0x00000000f5550000, 0x00000000f6000000, 0x0000000100000000)
   the space 10944K,   0% used [0x00000000f5550000, 0x00000000f5550000, 0x00000000f5550200, 0x00000000f6000000)
 Metaspace       used 4889K, capacity 5108K, committed 5248K, reserved 1056768K
  class space    used 527K, capacity 560K, committed 640K, reserved 1048576K
Event: 6.098 GC heap after
Heap after GC invocations=1 (full 0):
 def new generation   total 4928K, used 512K [0x00000000f0000000, 0x00000000f0550000, 0x00000000f5550000)
  eden space 4416K,   0% used [0x00000000f0000000, 0x00000000f0000000, 0x00000000f0450000)
  from space 512K, 100% used [0x00000000f04d0000, 0x00000000f0550000, 0x00000000f0550000)
  to   space 512K,   0% used [0x00000000f0450000, 0x00000000f0450000, 0x00000000f04d0000)
 tenured generation   total 10944K, used 917K [0x00000000f5550000, 0x00000000f6000000, 0x0000000100000000)
   the space 10944K,   8% used [0x00000000f5550000, 0x00000000f56356b0, 0x00000000f5635800, 0x00000000f6000000)
 Metaspace       used 4889K, capacity 5108K, committed 5248K, reserved 1056768K
  class space    used 527K, capacity 560K, committed 640K, reserved 1048576K
}
Event: 13.719 GC heap before
{Heap before GC invocations=1 (full 0):
 def new generation   total 4928K, used 4928K [0x00000000f0000000, 0x00000000f0550000, 0x00000000f5550000)
  eden space 4416K, 100% used [0x00000000f0000000, 0x00000000f0450000, 0x00000000f0450000)
  from space 512K, 100% used [0x00000000f04d0000, 0x00000000f0550000, 0x00000000f0550000)
  to   space 512K,   0% used [0x00000000f0450000, 0x00000000f0450000, 0x00000000f04d0000)
 tenured generation   total 10944K, used 917K [0x00000000f5550000, 0x00000000f6000000, 0x0000000100000000)
   the space 10944K,   8% used [0x00000000f5550000, 0x00000000f56356b0, 0x00000000f5635800, 0x00000000f6000000)
 Metaspace       used 7674K, capacity 7804K, committed 7936K, reserved 1056768K
  class space    used 898K, capacity 944K, committed 1024K, reserved 1048576K
Event: 13.724 GC heap after
Heap after GC invocations=2 (full 0):
 def new generation   total 4928K, used 512K [0x00000000f0000000, 0x00000000f0550000, 0x00000000f5550000)
  eden space 4416K,   0% used [0x00000000f0000000, 0x00000000f0000000, 0x00000000f0450000)
  from space 512K, 100% used [0x00000000f0450000, 0x00000000f04d0000, 0x00000000f04d0000)
  to   space 512K,   0% used [0x00000000f04d0000, 0x00000000f04d0000, 0x00000000f0550000)
 tenured generation   total 10944K, used 1988K [0x00000000f5550000, 0x00000000f6000000, 0x0000000100000000)
   the space 10944K,  18% used [0x00000000f5550000, 0x00000000f5741090, 0x00000000f5741200, 0x00000000f6000000)
 Metaspace       used 7674K, capacity 7804K, committed 7936K, reserved 1056768K
  class space    used 898K, capacity 944K, committed 1024K, reserved 1048576K
}
Event: 14.115 GC heap before
{Heap before GC invocations=2 (full 0):
 def new generation   total 4928K, used 4928K [0x00000000f0000000, 0x00000000f0550000, 0x00000000f5550000)
  eden space 4416K, 100% used [0x00000000f0000000, 0x00000000f0450000, 0x00000000f0450000)
  from space 512K, 100% used [0x00000000f0450000, 0x00000000f04d0000, 0x00000000f04d0000)
  to   space 512K,   0% used [0x00000000f04d0000, 0x00000000f04d0000, 0x00000000f0550000)
 tenured generation   total 10944K, used 1988K [0x00000000f5550000, 0x00000000f6000000, 0x0000000100000000)
   the space 10944K,  18% used [0x00000000f5550000, 0x00000000f5741090, 0x00000000f5741200, 0x00000000f6000000)
 Metaspace       used 9559K, capacity 9786K, committed 9984K, reserved 1058816K
  class space    used 1133K, capacity 1219K, committed 1280K, reserved 1048576K
Event: 14.118 GC heap after
Heap after GC invocations=3 (full 0):
 def new generation   total 4928K, used 507K [0x00000000f0000000, 0x00000000f0550000, 0x00000000f5550000)
  eden space 4416K,   0% used [0x00000000f0000000, 0x00000000f0000000, 0x00000000f0450000)
  from space 512K,  99% used [0x00000000f04d0000, 0x00000000f054ecc0, 0x00000000f0550000)
  to   space 512K,   0% used [0x00000000f0450000, 0x00000000f0450000, 0x00000000f04d0000)
 tenured generation   total 10944K, used 2491K [0x00000000f5550000, 0x00000000f6000000, 0x0000000100000000)
   the space 10944K,  22% used [0x00000000f5550000, 0x00000000f57bef08, 0x00000000f57bf000, 0x00000000f6000000)
 Metaspace       used 9559K, capacity 9786K, committed 9984K, reserved 1058816K
  class space    used 1133K, capacity 1219K, committed 1280K, reserved 1048576K
}
Event: 17.551 GC heap before
{Heap before GC invocations=3 (full 0):
 def new generation   total 4928K, used 4923K [0x00000000f0000000, 0x00000000f0550000, 0x00000000f5550000)
  eden space 4416K, 100% used [0x00000000f0000000, 0x00000000f0450000, 0x00000000f0450000)
  from space 512K,  99% used [0x00000000f04d0000, 0x00000000f054ecc0, 0x00000000f0550000)
  to   space 512K,   0% used [0x00000000f0450000, 0x00000000f0450000, 0x00000000f04d0000)
 tenured generation   total 10944K, used 2491K [0x00000000f5550000, 0x00000000f6000000, 0x0000000100000000)
   the space 10944K,  22% used [0x00000000f5550000, 0x00000000f57bef08, 0x00000000f57bf000, 0x00000000f6000000)
 Metaspace       used 10388K, capacity 10596K, committed 10880K, reserved 1058816K
  class space    used 1231K, capacity 1320K, committed 1408K, reserved 1048576K
Event: 17.554 GC heap after
Heap after GC invocations=4 (full 0):
 def new generation   total 4928K, used 511K [0x00000000f0000000, 0x00000000f0550000, 0x00000000f5550000)
  eden space 4416K,   0% used [0x00000000f0000000, 0x00000000f0000000, 0x00000000f0450000)
  from space 512K,  99% used [0x00000000f0450000, 0x00000000f04cffe0, 0x00000000f04d0000)
  to   space 512K,   0% used [0x00000000f04d0000, 0x00000000f04d0000, 0x00000000f0550000)
 tenured generation   total 10944K, used 2911K [0x00000000f5550000, 0x00000000f6000000, 0x0000000100000000)
   the space 10944K,  26% used [0x00000000f5550000, 0x00000000f5827d48, 0x00000000f5827e00, 0x00000000f6000000)
 Metaspace       used 10388K, capacity 10596K, committed 10880K, reserved 1058816K
  class space    used 1231K, capacity 1320K, committed 1408K, reserved 1048576K
}

